<?xml version="1.0" encoding="UTF-8"?>
<!-- Generated by org.testng.reporters.JUnitXMLReporter -->
<testsuite hostname="sqa-linux-pc" ignored="0" name="TestNG Features Tests" tests="23" failures="2" timestamp="03 Jan 2018 03:05:17 GMT" time="39.017" errors="0">
  <testcase name="loginTest" time="0.022" classname="com.qa.base.TestNgFeatures"/>
  <testcase name="homePageTest" time="0.003" classname="com.qa.base.TestNgFeatures"/>
  <testcase name="regPageTest" time="0.004" classname="com.qa.base.TestNgFeatures"/>
  <testcase name="searchPageTest" time="0.004" classname="com.qa.base.TestNgFeatures"/>
  <testcase name="test_1" time="0.004" classname="com.qa.base.ExceptionTimeOutTest"/>
  <testcase name="googleLogoTest" time="0.315" classname="com.qa.base.GoogleTitleTest"/>
  <testcase name="titleTest" time="0.037" classname="com.qa.base.GoogleTitleTest">
    <failure type="java.lang.AssertionError" message="Title is not matched!!! expected [Google123] but found [Google]">
      <![CDATA[java.lang.AssertionError: Title is not matched!!! expected [Google123] but found [Google]
	at com.qa.base.GoogleTitleTest.titleTest(GoogleTitleTest.java:38)
... Removed 30 stack frames]]>
    </failure>
  </testcase> <!-- titleTest -->
  <testcase name="sum" time="0.003" classname="com.qa.base.InvocationCountTest"/>
  <testcase name="sum" time="0.003" classname="com.qa.base.InvocationCountTest"/>
  <testcase name="sum" time="0.004" classname="com.qa.base.InvocationCountTest"/>
  <testcase name="sum" time="0.004" classname="com.qa.base.InvocationCountTest"/>
  <testcase name="sum" time="0.002" classname="com.qa.base.InvocationCountTest"/>
  <testcase name="sum" time="0.003" classname="com.qa.base.InvocationCountTest"/>
  <testcase name="sum" time="0.003" classname="com.qa.base.InvocationCountTest"/>
  <testcase name="sum" time="0.002" classname="com.qa.base.InvocationCountTest"/>
  <testcase name="sum" time="0.002" classname="com.qa.base.InvocationCountTest"/>
  <testcase name="sum" time="0.003" classname="com.qa.base.InvocationCountTest"/>
  <testcase name="titleTest" time="0.049" classname="com.qa.base.BaseTest"/>
  <testcase name="googleLogoTest" time="0.112" classname="com.qa.base.BaseTest"/>
  <testcase name="mailLinklTest" time="10.077" classname="com.qa.base.BaseTest">
    <failure type="org.openqa.selenium.NoSuchElementException" message="no such element: Unable to locate element: {&amp;quot;method&amp;quot;:&amp;quot;link text&amp;quot;,&amp;quot;selector&amp;quot;:&amp;quot;GMail&amp;quot;}
  (Session info: chrome=63.0.3239.108)
  (Driver info: chromedriver=2.33.506092 (733a02544d189eeb751fe0d7ddca79a0ee28cce4),platform=Linux 4.10.0-42-generic x86_64) (WARNING: The server did not provide any stacktrace information)
Command duration or timeout: 0 milliseconds
For documentation on this error, please visit: http://seleniumhq.org/exceptions/no_such_element.html
Build info: version: &amp;apos;3.8.1&amp;apos;, revision: &amp;apos;6e95a6684b&amp;apos;, time: &amp;apos;2017-12-01T18:33:54.468Z&amp;apos;
System info: host: &amp;apos;sqa-linux-pc&amp;apos;, ip: &amp;apos;127.0.1.1&amp;apos;, os.name: &amp;apos;Linux&amp;apos;, os.arch: &amp;apos;amd64&amp;apos;, os.version: &amp;apos;4.10.0-42-generic&amp;apos;, java.version: &amp;apos;1.8.0_151&amp;apos;
Driver info: org.openqa.selenium.chrome.ChromeDriver
Capabilities {acceptSslCerts: true, applicationCacheEnabled: false, browserConnectionEnabled: false, browserName: chrome, chrome: {chromedriverVersion: 2.33.506092 (733a02544d189e..., userDataDir: /tmp/.org.chromium.Chromium...}, cssSelectorsEnabled: true, databaseEnabled: false, handlesAlerts: true, hasTouchScreen: false, javascriptEnabled: true, locationContextEnabled: true, mobileEmulationEnabled: false, nativeEvents: true, networkConnectionEnabled: false, pageLoadStrategy: normal, platform: LINUX, platformName: LINUX, rotatable: false, setWindowRect: true, takesHeapSnapshot: true, takesScreenshot: true, unexpectedAlertBehaviour: , unhandledPromptBehavior: , version: 63.0.3239.108, webStorageEnabled: true}
Session ID: a94bbba612c00ec05244157806d1e319
*** Element info: {Using=link text, value=GMail}">
      <![CDATA[org.openqa.selenium.NoSuchElementException: no such element: Unable to locate element: {"method":"link text","selector":"GMail"}
  (Session info: chrome=63.0.3239.108)
  (Driver info: chromedriver=2.33.506092 (733a02544d189eeb751fe0d7ddca79a0ee28cce4),platform=Linux 4.10.0-42-generic x86_64) (WARNING: The server did not provide any stacktrace information)
Command duration or timeout: 0 milliseconds
For documentation on this error, please visit: http://seleniumhq.org/exceptions/no_such_element.html
Build info: version: '3.8.1', revision: '6e95a6684b', time: '2017-12-01T18:33:54.468Z'
System info: host: 'sqa-linux-pc', ip: '127.0.1.1', os.name: 'Linux', os.arch: 'amd64', os.version: '4.10.0-42-generic', java.version: '1.8.0_151'
Driver info: org.openqa.selenium.chrome.ChromeDriver
Capabilities {acceptSslCerts: true, applicationCacheEnabled: false, browserConnectionEnabled: false, browserName: chrome, chrome: {chromedriverVersion: 2.33.506092 (733a02544d189e..., userDataDir: /tmp/.org.chromium.Chromium...}, cssSelectorsEnabled: true, databaseEnabled: false, handlesAlerts: true, hasTouchScreen: false, javascriptEnabled: true, locationContextEnabled: true, mobileEmulationEnabled: false, nativeEvents: true, networkConnectionEnabled: false, pageLoadStrategy: normal, platform: LINUX, platformName: LINUX, rotatable: false, setWindowRect: true, takesHeapSnapshot: true, takesScreenshot: true, unexpectedAlertBehaviour: , unhandledPromptBehavior: , version: 63.0.3239.108, webStorageEnabled: true}
Session ID: a94bbba612c00ec05244157806d1e319
*** Element info: {Using=link text, value=GMail}
	at org.openqa.selenium.remote.ErrorHandler.createThrowable(ErrorHandler.java:214)
	at org.openqa.selenium.remote.ErrorHandler.throwIfResponseFailed(ErrorHandler.java:166)
	at org.openqa.selenium.remote.http.JsonHttpResponseCodec.reconstructValue(JsonHttpResponseCodec.java:40)
	at org.openqa.selenium.remote.http.AbstractHttpResponseCodec.decode(AbstractHttpResponseCodec.java:80)
	at org.openqa.selenium.remote.http.AbstractHttpResponseCodec.decode(AbstractHttpResponseCodec.java:44)
	at org.openqa.selenium.remote.HttpCommandExecutor.execute(HttpCommandExecutor.java:164)
	at org.openqa.selenium.remote.service.DriverCommandExecutor.execute(DriverCommandExecutor.java:83)
	at org.openqa.selenium.remote.RemoteWebDriver.execute(RemoteWebDriver.java:601)
	at org.openqa.selenium.remote.RemoteWebDriver.findElement(RemoteWebDriver.java:371)
	at org.openqa.selenium.remote.RemoteWebDriver.findElementByLinkText(RemoteWebDriver.java:425)
	at org.openqa.selenium.By$ByLinkText.findElement(By.java:246)
	at org.openqa.selenium.remote.RemoteWebDriver.findElement(RemoteWebDriver.java:363)
	at com.qa.base.BaseTest.mailLinklTest(BaseTest.java:45)
... Removed 29 stack frames]]>
    </failure>
  </testcase> <!-- mailLinklTest -->
  <testcase name="test1" time="0.003" classname="com.qa.base.BaseTest"/>
  <testcase name="test2" time="0.005" classname="com.qa.base.BaseTest"/>
  <testcase name="test3" time="0.002" classname="com.qa.base.BaseTest"/>
</testsuite> <!-- TestNG Features Tests -->
